1527689098273	geckodriver	INFO	geckodriver 0.20.1
1527689098279	geckodriver	INFO	Listening on 127.0.0.1:56413
1527689099280	mozrunner::runner	INFO	Running command: "/usr/bin/firefox" "-marionette" "-profile" "/tmp/rust_mozprofile.JRscfJTmQDlQ"
1527689103333	Marionette	INFO	Listening on port 46717
1527689103395	Marionette	WARN	TLS certificate errors will be ignored for this session
console.error: (new TypeError("node is null", "resource://devtools/shared/base-loader.js -> resource://devtools/server/actors/styles.js", 273))
*************************
A coding exception was thrown and uncaught in a Task.

Full message: TypeError: this.markup is null
Full stack: _deferredOpen@chrome://devtools/content/inspector/inspector.js:287:7

*************************
console.error: (new TypeError("this.markup is null", "chrome://devtools/content/inspector/inspector.js", 287))
getUsedFontFaces@resource://devtools/shared/base-loader.js -> resource://devtools/server/actors/styles.js:273:9
handler@resource://devtools/shared/base-loader.js -> resource://devtools/shared/protocol.js:1106:19
onPacket@resource://devtools/shared/base-loader.js -> resource://devtools/server/main.js:1769:15
receiveMessage@resource://devtools/shared/base-loader.js -> resource://devtools/shared/transport/transport.js:760:7
console.error: "Could not get the list of font families" "Protocol error (unknownError): node is null"
*************************
A coding exception was thrown and uncaught in a Task.

Full message: TypeError: currentPanel is undefined
Full stack: destroyInspector/this._destroyingInspector<@resource://devtools/shared/base-loader.js -> resource://devtools/client/framework/toolbox.js:2658:1
_run@resource://devtools/shared/base-loader.js -> resource://devtools/shared/task.js:310:39
process@resource://gre/modules/Promise.jsm -> resource://gre/modules/Promise-backend.js:928:23
walkerLoop@resource://gre/modules/Promise.jsm -> resource://gre/modules/Promise-backend.js:812:7
scheduleWalkerLoop/<@resource://gre/modules/Promise.jsm -> resource://gre/modules/Promise-backend.js:748:11

*************************
console.error: (new TypeError("currentPanel is undefined", "resource://devtools/shared/base-loader.js -> resource://devtools/client/framework/toolbox.js", 2658))
1527689181563	geckodriver	INFO	geckodriver 0.20.1
1527689181567	geckodriver	INFO	Listening on 127.0.0.1:39879
1527689182580	mozrunner::runner	INFO	Running command: "/usr/bin/firefox" "-marionette" "-profile" "/tmp/rust_mozprofile.WDjQR0jE79mr"
1527689186834	Marionette	INFO	Listening on port 37527
1527689186933	Marionette	WARN	TLS certificate errors will be ignored for this session
[GFX1-]: Receive IPC close with reason=AbnormalShutdown
[Child 2275, Chrome_ChildThread] WARNING: pipe error (3): Connection reset by peer: file /build/firefox-SqrJ_m/firefox-60.0.1+build2/ipc/chromium/src/chrome/common/ipc_channel_posix.cc, line 353
[GFX1-]: Receive IPC close with reason=AbnormalShutdown
[Child 2500, Chrome_ChildThread] WARNING: pipe error (3): Connection reset by peer: file /build/firefox-SqrJ_m/firefox-60.0.1+build2/ipc/chromium/src/chrome/common/ipc_channel_posix.cc, line 353
[Child 2458, Chrome_ChildThread] WARNING: pipe error (3): Connection reset by peer: file /build/firefox-SqrJ_m/firefox-60.0.1+build2/ipc/chromium/src/chrome/common/ipc_channel_posix.cc, line 353
1527689440248	geckodriver	INFO	geckodriver 0.20.1
1527689440257	geckodriver	INFO	Listening on 127.0.0.1:40023
1527689441259	mozrunner::runner	INFO	Running command: "/usr/bin/firefox" "-marionette" "-profile" "/tmp/rust_mozprofile.BPLpioo9CYzK"
1527689444953	Marionette	INFO	Listening on port 46843
1527689444979	Marionette	WARN	TLS certificate errors will be ignored for this session
JavaScript error: https://platform.twitter.com/widgets/widget_iframe.08b626208bff56b0ed982833346043ef.html?origin=https%3A%2F%2Fkoinex.in&settingsEndpoint=https%3A%2F%2Fsyndication.twitter.com%2Fsettings, line 12: Error: Network error.
1527689527571	geckodriver	INFO	geckodriver 0.20.1
1527689527575	geckodriver	INFO	Listening on 127.0.0.1:59951
1527689528588	mozrunner::runner	INFO	Running command: "/usr/bin/firefox" "-marionette" "-profile" "/tmp/rust_mozprofile.UlplFc74G3Qg"
1527689532093	Marionette	INFO	Listening on port 40587
1527689532114	Marionette	WARN	TLS certificate errors will be ignored for this session
1527691672085	geckodriver	INFO	geckodriver 0.20.1
1527691672105	geckodriver	INFO	Listening on 127.0.0.1:53811
1527691673099	mozrunner::runner	INFO	Running command: "/usr/bin/firefox" "-marionette" "-profile" "/tmp/rust_mozprofile.cysdgxB6fJr4"
1527691677340	Marionette	INFO	Listening on port 36341
1527691677428	Marionette	WARN	TLS certificate errors will be ignored for this session
1527691733423	geckodriver	INFO	geckodriver 0.20.1
1527691733433	geckodriver	INFO	Listening on 127.0.0.1:34739
1527691734437	mozrunner::runner	INFO	Running command: "/usr/bin/firefox" "-marionette" "-profile" "/tmp/rust_mozprofile.7qW6pzTDy2l5"
1527691739192	Marionette	INFO	Listening on port 39867
1527691739217	Marionette	WARN	TLS certificate errors will be ignored for this session
1527691830791	geckodriver	INFO	geckodriver 0.20.1
1527691830804	geckodriver	INFO	Listening on 127.0.0.1:40233
1527691831796	mozrunner::runner	INFO	Running command: "/usr/bin/firefox" "-marionette" "-profile" "/tmp/rust_mozprofile.FS8v1LiMXByr"
1527691836756	Marionette	INFO	Listening on port 45625
1527691836849	Marionette	WARN	TLS certificate errors will be ignored for this session
1527734068894	geckodriver	INFO	geckodriver 0.20.1
1527734068973	geckodriver	INFO	Listening on 127.0.0.1:54099
1527734069909	mozrunner::runner	INFO	Running command: "/usr/bin/firefox" "-marionette" "-headless" "-profile" "/tmp/rust_mozprofile.M7gNqf2WwChK"
*** You are running in headless mode.
1527734072974	Marionette	INFO	Listening on port 44569
1527734073037	Marionette	WARN	TLS certificate errors will be ignored for this session
1527741069914	geckodriver	INFO	geckodriver 0.20.1
1527741069948	geckodriver	INFO	Listening on 127.0.0.1:53415
1527741070923	mozrunner::runner	INFO	Running command: "/usr/bin/firefox" "-marionette" "-headless" "-profile" "/tmp/rust_mozprofile.pOwPGQX8FP0z"
*** You are running in headless mode.
1527741074104	Marionette	INFO	Listening on port 34203
1527741074135	Marionette	WARN	TLS certificate errors will be ignored for this session
1527741174577	geckodriver	INFO	geckodriver 0.20.1
1527741174581	geckodriver	INFO	Listening on 127.0.0.1:35285
1527741175582	mozrunner::runner	INFO	Running command: "/usr/bin/firefox" "-marionette" "-headless" "-profile" "/tmp/rust_mozprofile.uuP3hrLdc1C2"
*** You are running in headless mode.
1527741178883	Marionette	INFO	Listening on port 40735
1527741178945	Marionette	WARN	TLS certificate errors will be ignored for this session
1527741271931	geckodriver	INFO	geckodriver 0.20.1
1527741271935	geckodriver	INFO	Listening on 127.0.0.1:38025
1527741272946	mozrunner::runner	INFO	Running command: "/usr/bin/firefox" "-marionette" "-headless" "-profile" "/tmp/rust_mozprofile.jl00Kmu3FSwI"
*** You are running in headless mode.
1527741276289	Marionette	INFO	Listening on port 43593
1527741276387	Marionette	WARN	TLS certificate errors will be ignored for this session
1527741473761	geckodriver	INFO	geckodriver 0.20.1
1527741473779	geckodriver	INFO	Listening on 127.0.0.1:55649
1527741474775	mozrunner::runner	INFO	Running command: "/usr/bin/firefox" "-marionette" "-headless" "-profile" "/tmp/rust_mozprofile.IsAh3ZiT0Xah"
*** You are running in headless mode.
1527741478697	Marionette	INFO	Listening on port 38737
1527741478710	Marionette	WARN	TLS certificate errors will be ignored for this session
1527829823498	geckodriver	INFO	geckodriver 0.20.1
1527829823569	geckodriver	INFO	Listening on 127.0.0.1:59335
1527829824512	mozrunner::runner	INFO	Running command: "/usr/bin/firefox" "-marionette" "-headless" "-profile" "/tmp/rust_mozprofile.kWAp8PjtwO8H"
*** You are running in headless mode.
1527829827458	Marionette	INFO	Listening on port 40127
1527829827537	Marionette	WARN	TLS certificate errors will be ignored for this session
[GFX1-]: Receive IPC close with reason=AbnormalShutdown
[Child 3221, Chrome_ChildThread] WARNING: pipe error (3): Connection reset by peer: file /build/firefox-SqrJ_m/firefox-60.0.1+build2/ipc/chromium/src/chrome/common/ipc_channel_posix.cc, line 353
[GFX1-]: Receive IPC close with reason=AbnormalShutdown
Sandbox: Unexpected EOF, op 0 flags 00 path /usr/share/locale/en/LC_MESSAGES/libc.mo
[Child 3186, Chrome_ChildThread] WARNING: pipe error (3): Connection reset by peer: file /build/firefox-SqrJ_m/firefox-60.0.1+build2/ipc/chromium/src/chrome/common/ipc_channel_posix.cc, line 353
